[handleMsg]:  {
  key: {
    remoteJid: '584121032165@s.whatsapp.net',
    fromMe: false,
    id: '35F6125D41F0B75CE945AC96149ACE59',
    participant: undefined
  },
  messageTimestamp: 1757138164,
  pushName: 'MAKLLIO',
  broadcast: false,
  message: Message {
    extendedTextMessage: ExtendedTextMessage {
      text: 'Está bueno',
      previewType: 0,
      contextInfo: [ContextInfo],
      inviteLinkGroupTypeV2: 0
    },
    messageContextInfo: MessageContextInfo {
      deviceListMetadata: [DeviceListMetadata],
      deviceListMetadataVersion: 2,
      messageSecret: [Uint8Array]
    }
  },
  body: 'Está bueno',
  from: '584121032165'
}
[handleMsg]:  {
  key: {
    remoteJid: '584121032165@s.whatsapp.net',
    fromMe: false,
    id: 'E5D37C2D65CD2AB73AAECAEDACA032A7',
    participant: undefined
  },
  messageTimestamp: 1757138186,
  pushName: 'MAKLLIO',
  broadcast: false,
  message: Message {
    conversation: 'Solo nos hubiéra servido más en la universidad xD',
    messageContextInfo: MessageContextInfo {
      deviceListMetadata: [DeviceListMetadata],
      deviceListMetadataVersion: 2,
      messageSecret: [Uint8Array]
    }
  },
  body: 'Solo nos hubiéra servido más en la universidad xD',
  from: '584121032165'
}
[handleMsg]:  {
  key: {
    remoteJid: '584121032165@s.whatsapp.net',
    fromMe: false,
    id: '3C01CECF9CC26C2A63AF4CA2418439D6',
    participant: undefined
  },
  messageTimestamp: 1757138215,
  pushName: 'MAKLLIO',
  broadcast: false,
  message: Message {
    extendedTextMessage: ExtendedTextMessage {
      text: 'Exacto xD',
      previewType: 0,
      contextInfo: [ContextInfo],
      inviteLinkGroupTypeV2: 0
    },
    messageContextInfo: MessageContextInfo {
      deviceListMetadata: [DeviceListMetadata],
      deviceListMetadataVersion: 2,
      messageSecret: [Uint8Array]
    }
  },
  body: 'Exacto xD',
  from: '584121032165'
}
[handleMsg]:  {
  key: {
    remoteJid: '584121032165@s.whatsapp.net',
    fromMe: false,
    id: 'F28A425111F97FEC3B859DC3C00F62FA',
    participant: undefined
  },
  messageTimestamp: 1757138253,
  pushName: 'MAKLLIO',
  broadcast: false,
  message: Message {
    conversation: 'Lo que ví es que los planes gratuitos son por tiempo limitado me imagino que allí si hubiera más problemas',
    messageContextInfo: MessageContextInfo {
      deviceListMetadata: [DeviceListMetadata],
      deviceListMetadataVersion: 2,
      messageSecret: [Uint8Array]
    }
  },
  status: 4,
  body: 'Lo que ví es que los planes gratuitos son por tiempo limitado me imagino que allí si hubiera más problemas',
  from: '584121032165'
}
[handleMsg]:  {
  key: {
    remoteJid: '584125044792@s.whatsapp.net',
    fromMe: false,
    id: 'EDF5B40A81BE11BE3CBE9910D372DBA3',
    participant: undefined
  },
  messageTimestamp: 1757138258,
  pushName: 'Rosi',
  broadcast: false,
  message: Message {
    conversation: 'Hola',
    messageContextInfo: MessageContextInfo {
      deviceListMetadata: [DeviceListMetadata],
      deviceListMetadataVersion: 2,
      messageSecret: [Uint8Array]
    }
  },
  body: 'Hola',
  from: '584125044792'
}
[QUEUE_SE_ENVIO]:  {
  ref: 'ans_13094d22-d060-43e9-8fc9-9d12cfbedc69',
  keyword: 'key_554a5254-545e-4695-a0c1-1bcab4cbd742',
  answer: '🙌¡Hola! Bienvenid@ al área administrativa de Boom Solutions.',
  options: {
    media: null,
    buttons: [],
    capture: false,
    child: null,
    delay: 0,
    idle: null,
    ref: null,
    nested: [],
    keyword: {},
    callback: false
  },
  refSerialize: '07e5e6a6183a81e9691c14aad037b3dc'
}
[QUEUE_SE_ENVIO]:  {
  ref: 'ans_66ca3bcc-34eb-48c3-8245-65ad50815eef',
  keyword: 'ans_13094d22-d060-43e9-8fc9-9d12cfbedc69',
  answer: '❗ Por favor, envía solo una de las opciones mencionadas:\r\n' +
    '👉 1 Consulta de saldo.\r\n' +
    '👉 2 Métodos de pagos disponibles.\r\n' +
    '👉 3 Solicitar asistencia con un asesor de Ventas.\r\n' +
    '👉 0 Salir del Bot',
  options: {
    media: null,
    buttons: [],
    capture: true,
    child: null,
    delay: 0,
    idle: null,
    ref: null,
    nested: [],
    keyword: {},
    callback: true
  },
  refSerialize: '4b903cc2007911681c3427f66b9919f3'
}
[handleMsg]:  {
  key: {
    remoteJid: '584125044792@s.whatsapp.net',
    fromMe: false,
    id: 'CE7885661332ACF4743F3C241115AA0E',
    participant: undefined
  },
  messageTimestamp: 1757138259,
  pushName: 'Rosi',
  broadcast: false,
  message: Message {
    conversation: 'Jajjaj',
    messageContextInfo: MessageContextInfo {
      deviceListMetadata: [DeviceListMetadata],
      deviceListMetadataVersion: 2,
      messageSecret: [Uint8Array]
    }
  },
  body: 'Jajjaj',
  from: '584125044792'
}
[handleMsg]:  {
  key: {
    remoteJid: '584125044792@s.whatsapp.net',
    fromMe: false,
    id: '0391C1D2917A0C00B10DBE0E5A2B47DF',
    participant: undefined
  },
  messageTimestamp: 1757138263,
  pushName: 'Rosi',
  broadcast: false,
  message: Message {
    conversation: 'Verga',
    messageContextInfo: MessageContextInfo {
      deviceListMetadata: [DeviceListMetadata],
      deviceListMetadataVersion: 2,
      messageSecret: [Uint8Array]
    }
  },
  body: 'Verga',
  from: '584125044792'
}
[handleMsg]:  {
  key: {
    remoteJid: '584125044792@s.whatsapp.net',
    fromMe: false,
    id: '03A79105F0988BE38CBDAF0C6D61254D',
    participant: undefined
  },
  messageTimestamp: 1757138287,
  pushName: 'Rosi',
  broadcast: false,
  message: Message {
    conversation: '0',
    messageContextInfo: MessageContextInfo {
      deviceListMetadata: [DeviceListMetadata],
      deviceListMetadataVersion: 2,
      messageSecret: [Uint8Array]
    }
  },
  body: '0',
  from: '584125044792'
}
[handleMsg]:  {
  key: {
    remoteJid: '584125044792@s.whatsapp.net',
    fromMe: false,
    id: '59F5D2279A987EA75F666D7FD150F6B3',
    participant: undefined
  },
  messageTimestamp: 1757138296,
  pushName: 'Rosi',
  broadcast: false,
  message: Message {
    conversation: 'Ajua',
    messageContextInfo: MessageContextInfo {
      deviceListMetadata: [DeviceListMetadata],
      deviceListMetadataVersion: 2,
      messageSecret: [Uint8Array]
    }
  },
  body: 'Ajua',
  from: '584125044792'
}
[handleMsg]:  {
  key: {
    remoteJid: '584125044792@s.whatsapp.net',
    fromMe: false,
    id: '3F1569B741373EEFD5D147DB695F5D81',
    participant: undefined
  },
  messageTimestamp: 1757138298,
  pushName: 'Rosi',
  broadcast: false,
  message: Message {
    conversation: 'Jjajajaj',
    messageContextInfo: MessageContextInfo {
      deviceListMetadata: [DeviceListMetadata],
      deviceListMetadataVersion: 2,
      messageSecret: [Uint8Array]
    }
  },
  body: 'Jjajajaj',
  from: '584125044792'
}
[handleMsg]:  {
  key: {
    remoteJid: '584125044792@s.whatsapp.net',
    fromMe: false,
    id: '5A058AB8E445EE6883BA3C7F0738D1C1',
    participant: undefined
  },
  messageTimestamp: 1757138301,
  pushName: 'Rosi',
  broadcast: false,
  message: Message {
    conversation: 'Que cool',
    messageContextInfo: MessageContextInfo {
      deviceListMetadata: [DeviceListMetadata],
      deviceListMetadataVersion: 2,
      messageSecret: [Uint8Array]
    }
  },
  body: 'Que cool',
  from: '584125044792'
}
[handleMsg]:  {
  key: {
    remoteJid: '584125044792@s.whatsapp.net',
    fromMe: false,
    id: '123B798DA578441FB1322004F5932E29',
    participant: undefined
  },
  messageTimestamp: 1757138311,
  pushName: 'Rosi',
  broadcast: false,
  message: Message {
    conversation: 'Jaja que divertido',
    messageContextInfo: MessageContextInfo {
      deviceListMetadata: [DeviceListMetadata],
      deviceListMetadataVersion: 2,
      messageSecret: [Uint8Array]
    }
  },
  body: 'Jaja que divertido',
  from: '584125044792'
}
[handleMsg]:  {
  key: {
    remoteJid: '584125044792@s.whatsapp.net',
    fromMe: false,
    id: '7A473E9398B768D96E6461AB0085C6ED',
    participant: undefined
  },
  messageTimestamp: 1757138334,
  pushName: 'Rosi',
  broadcast: false,
  message: Message {
    extendedTextMessage: ExtendedTextMessage {
      text: 'Jajajaj está bien chido',
      previewType: 0,
      contextInfo: [ContextInfo],
      inviteLinkGroupTypeV2: 0
    },
    messageContextInfo: MessageContextInfo {
      deviceListMetadata: [DeviceListMetadata],
      deviceListMetadataVersion: 2,
      messageSecret: [Uint8Array]
    }
  },
  body: 'Jajajaj está bien chido',
  from: '584125044792'
}
[handleMsg]:  {
  key: {
    remoteJid: '584125044792@s.whatsapp.net',
    fromMe: false,
    id: '1F00AF5817D8211ECDF24BA2166137F1',
    participant: undefined
  },
  messageTimestamp: 1757138343,
  pushName: 'Rosi',
  broadcast: false,
  message: Message {
    stickerMessage: StickerMessage {
      url: 'https://mmg.whatsapp.net/v/t62.15575-24/31185926_1105338624503055_8284439105301368174_n.enc?ccb=11-4&oh=01_Q5Aa2QEOC0KuZvxECxin23IxGYpalHu9LuEtwOeszmkaDqZtBw&oe=68E3577C&_nc_sid=5e03e0&mms3=true',
      fileSha256: [Uint8Array],
      fileEncSha256: [Uint8Array],
      mediaKey: [Uint8Array],
      mimetype: 'image/webp',
      height: 64,
      width: 64,
      directPath: '/v/t62.15575-24/31185926_1105338624503055_8284439105301368174_n.enc?ccb=11-4&oh=01_Q5Aa2QEOC0KuZvxECxin23IxGYpalHu9LuEtwOeszmkaDqZtBw&oe=68E3577C&_nc_sid=5e03e0',
      fileLength: [Long],
      mediaKeyTimestamp: [Long],
      firstFrameLength: 304588,
      firstFrameSidecar: [Uint8Array],
      isAnimated: true,
      stickerSentTs: [Long],
      isAvatar: false
    },
    messageContextInfo: MessageContextInfo {
      deviceListMetadata: [DeviceListMetadata],
      deviceListMetadataVersion: 2,
      messageSecret: [Uint8Array]
    }
  },
  body: '_event_media__45c022e0-6723-4bc9-b3b8-1e220a927084',
  from: '584125044792'
}
[handleMsg]:  {
  key: {
    remoteJid: '584121032165@s.whatsapp.net',
    fromMe: false,
    id: '2057EFD64B3D4FC070251B50264E2890',
    participant: undefined
  },
  messageTimestamp: 1757138347,
  pushName: 'MAKLLIO',
  broadcast: false,
  message: Message {
    extendedTextMessage: ExtendedTextMessage {
      text: 'Se te va la luz perfecto y... Luego como te conectas desde otro dispositivo sin internet que dependa de la electricidad :v?',
      previewType: 0,
      contextInfo: [ContextInfo],
      inviteLinkGroupTypeV2: 0
    },
    messageContextInfo: MessageContextInfo {
      deviceListMetadata: [DeviceListMetadata],
      deviceListMetadataVersion: 2,
      messageSecret: [Uint8Array]
    }
  },
  body: 'Se te va la luz perfecto y... Luego como te conectas desde otro dispositivo sin internet que dependa de la electricidad :v?',
  from: '584121032165'
}
[handleMsg]:  {
  key: {
    remoteJid: '584125044792@s.whatsapp.net',
    fromMe: false,
    id: '5E584FE714315287EEC400B09D441372',
    participant: undefined
  },
  messageTimestamp: 1757138368,
  pushName: 'Rosi',
  broadcast: false,
  message: Message {
    conversation: 'Jajaja que cool',
    messageContextInfo: MessageContextInfo {
      deviceListMetadata: [DeviceListMetadata],
      deviceListMetadataVersion: 2,
      messageSecret: [Uint8Array]
    }
  },
  body: 'Jajaja que cool',
  from: '584125044792'
}
[handleMsg]:  {
  key: {
    remoteJid: '584125044792@s.whatsapp.net',
    fromMe: false,
    id: '3381D0D895269229E26CA75D4ACF15A8',
    participant: undefined
  },
  messageTimestamp: 1757138377,
  pushName: 'Rosi',
  broadcast: false,
  message: Message {
    extendedTextMessage: ExtendedTextMessage {
      text: 'Coño que bueno',
      previewType: 0,
      contextInfo: [ContextInfo],
      inviteLinkGroupTypeV2: 0
    },
    messageContextInfo: MessageContextInfo {
      deviceListMetadata: [DeviceListMetadata],
      deviceListMetadataVersion: 2,
      messageSecret: [Uint8Array]
    }
  },
  body: 'Coño que bueno',
  from: '584125044792'
}
[handleMsg]:  {
  key: {
    remoteJid: '584125044792@s.whatsapp.net',
    fromMe: false,
    id: '7AF5556862808EA1F995009657672EDC',
    participant: undefined
  },
  messageTimestamp: 1757138379,
  pushName: 'Rosi',
  broadcast: false,
  message: Message {
    extendedTextMessage: ExtendedTextMessage {
      text: 'Naguara',
      previewType: 0,
      contextInfo: [ContextInfo],
      inviteLinkGroupTypeV2: 0
    },
    messageContextInfo: MessageContextInfo {
      deviceListMetadata: [DeviceListMetadata],
      deviceListMetadataVersion: 2,
      messageSecret: [Uint8Array]
    }
  },
  body: 'Naguara',
  from: '584125044792'
}
[handleMsg]:  {
  key: {
    remoteJid: '584125044792@s.whatsapp.net',
    fromMe: false,
    id: '80AC4E527F8A21223BD138F57319D1F7',
    participant: undefined
  },
  messageTimestamp: 1757138380,
  pushName: 'Rosi',
  broadcast: false,
  message: Message {
    conversation: 'Jaja',
    messageContextInfo: MessageContextInfo {
      deviceListMetadata: [DeviceListMetadata],
      deviceListMetadataVersion: 2,
      messageSecret: [Uint8Array]
    }
  },
  body: 'Jaja',
  from: '584125044792'
}
[handleMsg]:  {
  key: {
    remoteJid: '584125044792@s.whatsapp.net',
    fromMe: false,
    id: '1254FD0394344E801BBA8ED9DF25C9DC',
    participant: undefined
  },
  messageTimestamp: 1757138388,
  pushName: 'Rosi',
  broadcast: false,
  message: Message {
    conversation: 'A mi me fuera dado flojerav',
    messageContextInfo: MessageContextInfo {
      deviceListMetadata: [DeviceListMetadata],
      deviceListMetadataVersion: 2,
      messageSecret: [Uint8Array]
    }
  },
  body: 'A mi me fuera dado flojerav',
  from: '584125044792'
}
[handleMsg]:  {
  key: {
    remoteJid: '584121032165@s.whatsapp.net',
    fromMe: false,
    id: 'ED78B508049B9519A569A15A3E9F96FF',
    participant: undefined
  },
  messageTimestamp: 1757138392,
  pushName: 'MAKLLIO',
  broadcast: false,
  message: Message {
    conversation: 'No son precisamente amigables con los datos ese tipo de servicios de streaming xD',
    messageContextInfo: MessageContextInfo {
      deviceListMetadata: [DeviceListMetadata],
      deviceListMetadataVersion: 2,
      messageSecret: [Uint8Array]
    }
  },
  body: 'No son precisamente amigables con los datos ese tipo de servicios de streaming xD',
  from: '584121032165'
}
[handleMsg]:  {
  key: {
    remoteJid: '584121032165@s.whatsapp.net',
    fromMe: false,
    id: '00461AB5D4283A00B17B7EB34B181561',
    participant: undefined
  },
  messageTimestamp: 1757138407,
  pushName: 'MAKLLIO',
  broadcast: false,
  message: Message {
    stickerMessage: StickerMessage {
      url: 'https://mmg.whatsapp.net/v/t62.15575-24/541673914_633723379809234_3218912230874782265_n.enc?ccb=11-4&oh=01_Q5Aa2QFsPJ-g7X-_oXnFo1WYI7E_gcihyeaT4sXucoF7Vg_oBQ&oe=68E348EB&_nc_sid=5e03e0&mms3=true',
      fileSha256: [Uint8Array],
      fileEncSha256: [Uint8Array],
      mediaKey: [Uint8Array],
      mimetype: 'image/webp',
      directPath: '/v/t62.15575-24/541673914_633723379809234_3218912230874782265_n.enc?ccb=11-4&oh=01_Q5Aa2QFsPJ-g7X-_oXnFo1WYI7E_gcihyeaT4sXucoF7Vg_oBQ&oe=68E348EB&_nc_sid=5e03e0',
      fileLength: [Long],
      mediaKeyTimestamp: [Long],
      firstFrameLength: 462416,
      firstFrameSidecar: [Uint8Array],
      isAnimated: true,
      stickerSentTs: [Long],
      isAvatar: false
    },
    messageContextInfo: MessageContextInfo {
      deviceListMetadata: [DeviceListMetadata],
      deviceListMetadataVersion: 2,
      messageSecret: [Uint8Array]
    }
  },
  body: '_event_media__85f5daea-91f3-4862-9b59-7acbd6796b83',
  from: '584121032165'
}
[handleMsg]:  {
  key: {
    remoteJid: '584125044792@s.whatsapp.net',
    fromMe: false,
    id: '9D99497CD476D128A6F3D2D47B84DDD5',
    participant: undefined
  },
  messageTimestamp: 1757138426,
  pushName: 'Rosi',
  broadcast: false,
  message: Message {
    conversation: 'Ajjaja. Media semana',
    messageContextInfo: MessageContextInfo {
      deviceListMetadata: [DeviceListMetadata],
      deviceListMetadataVersion: 2,
      messageSecret: [Uint8Array]
    }
  },
  body: 'Ajjaja. Media semana',
  from: '584125044792'
}
[handleMsg]:  {
  key: {
    remoteJid: '584125044792@s.whatsapp.net',
    fromMe: false,
    id: '512A5C763FE8C13EA8A2A181C57E3360',
    participant: undefined
  },
  messageTimestamp: 1757138438,
  pushName: 'Rosi',
  broadcast: false,
  message: Message {
    conversation: 'Me diera flojera',
    messageContextInfo: MessageContextInfo {
      deviceListMetadata: [DeviceListMetadata],
      deviceListMetadataVersion: 2,
      messageSecret: [Uint8Array]
    }
  },
  body: 'Me diera flojera',
  from: '584125044792'
}
[handleMsg]:  {
  key: {
    remoteJid: '584121032165@s.whatsapp.net',
    fromMe: false,
    id: 'BFB876056BFEB94EAA78F189E398A1CD',
    participant: undefined
  },
  messageTimestamp: 1757138517,
  pushName: 'MAKLLIO',
  broadcast: false,
  message: Message {
    extendedTextMessage: ExtendedTextMessage {
      text: 'Router con batería :v?',
      previewType: 0,
      contextInfo: [ContextInfo],
      inviteLinkGroupTypeV2: 0
    },
    messageContextInfo: MessageContextInfo {
      deviceListMetadata: [DeviceListMetadata],
      deviceListMetadataVersion: 2,
      messageSecret: [Uint8Array]
    }
  },
  body: 'Router con batería :v?',
  from: '584121032165'
}
[handleMsg]:  {
  key: {
    remoteJid: '584125044792@s.whatsapp.net',
    fromMe: false,
    id: 'D877ED648E90D90C4E271C2F22B439A0',
    participant: undefined
  },
  messageTimestamp: 1757138547,
  pushName: 'Rosi',
  broadcast: false,
  message: Message {
    extendedTextMessage: ExtendedTextMessage {
      text: 'Jodaaaaaaaa',
      previewType: 0,
      contextInfo: [ContextInfo],
      inviteLinkGroupTypeV2: 0
    },
    messageContextInfo: MessageContextInfo {
      deviceListMetadata: [DeviceListMetadata],
      deviceListMetadataVersion: 2,
      messageSecret: [Uint8Array]
    }
  },
  body: 'Jodaaaaaaaa',
  from: '584125044792'
}
[handleMsg]:  {
  key: {
    remoteJid: '584125044792@s.whatsapp.net',
    fromMe: false,
    id: 'CB14CD00EDA1EA1BEB178BC4AFD52D9E',
    participant: undefined
  },
  messageTimestamp: 1757138548,
  pushName: 'Rosi',
  broadcast: false,
  message: Message {
    conversation: 'Jaajja',
    messageContextInfo: MessageContextInfo {
      deviceListMetadata: [DeviceListMetadata],
      deviceListMetadataVersion: 2,
      messageSecret: [Uint8Array]
    }
  },
  body: 'Jaajja',
  from: '584125044792'
}
[handleMsg]:  {
  key: {
    remoteJid: '584125044792@s.whatsapp.net',
    fromMe: false,
    id: 'A13DDBFB4BCD2B59BB89823AD33F3BE5',
    participant: undefined
  },
  messageTimestamp: 1757138551,
  pushName: 'Rosi',
  broadcast: false,
  message: Message {
    conversation: 'Gracias a Dios',
    messageContextInfo: MessageContextInfo {
      deviceListMetadata: [DeviceListMetadata],
      deviceListMetadataVersion: 2,
      messageSecret: [Uint8Array]
    }
  },
  body: 'Gracias a Dios',
  from: '584125044792'
}
[handleMsg]:  {
  key: {
    remoteJid: '584125044792@s.whatsapp.net',
    fromMe: false,
    id: '19A8E21F2B72053332E121D9214CB701',
    participant: undefined
  },
  messageTimestamp: 1757138556,
  pushName: 'Rosi',
  broadcast: false,
  message: Message {
    conversation: 'Que bueno',
    messageContextInfo: MessageContextInfo {
      deviceListMetadata: [DeviceListMetadata],
      deviceListMetadataVersion: 2,
      messageSecret: [Uint8Array]
    }
  },
  body: 'Que bueno',
  from: '584125044792'
}
[handleMsg]:  {
  key: {
    remoteJid: '584125044792@s.whatsapp.net',
    fromMe: false,
    id: '689BFED050D7D2F3E0415D14DA51C615',
    participant: undefined
  },
  messageTimestamp: 1757138560,
  pushName: 'Rosi',
  broadcast: false,
  message: Message {
    extendedTextMessage: ExtendedTextMessage {
      text: 'Ya veo',
      previewType: 0,
      contextInfo: [ContextInfo],
      inviteLinkGroupTypeV2: 0
    },
    messageContextInfo: MessageContextInfo {
      deviceListMetadata: [DeviceListMetadata],
      deviceListMetadataVersion: 2,
      messageSecret: [Uint8Array]
    }
  },
  body: 'Ya veo',
  from: '584125044792'
}
[handleMsg]:  {
  key: {
    remoteJid: '584125044792@s.whatsapp.net',
    fromMe: false,
    id: 'F552A5DF707F9D4D42C93F31ED8C4B1E',
    participant: undefined
  },
  messageTimestamp: 1757138569,
  pushName: 'Rosi',
  broadcast: false,
  message: Message {
    extendedTextMessage: ExtendedTextMessage {
      text: 'Jajajajaj',
      previewType: 0,
      contextInfo: [ContextInfo],
      inviteLinkGroupTypeV2: 0
    },
    messageContextInfo: MessageContextInfo {
      deviceListMetadata: [DeviceListMetadata],
      deviceListMetadataVersion: 2,
      messageSecret: [Uint8Array]
    }
  },
  body: 'Jajajajaj',
  from: '584125044792'
}
[handleMsg]:  {
  key: {
    remoteJid: '584125044792@s.whatsapp.net',
    fromMe: false,
    id: 'C476A0FB9FD0328BB848300C72E7119B',
    participant: undefined
  },
  messageTimestamp: 1757138570,
  pushName: 'Rosi',
  broadcast: false,
  message: Message {
    conversation: 'Yo aquí',
    messageContextInfo: MessageContextInfo {
      deviceListMetadata: [DeviceListMetadata],
      deviceListMetadataVersion: 2,
      messageSecret: [Uint8Array]
    }
  },
  body: 'Yo aquí',
  from: '584125044792'
}
[handleMsg]:  {
  key: {
    remoteJid: '584125044792@s.whatsapp.net',
    fromMe: false,
    id: 'E0B941B23F6E273DA014C63F253628DB',
    participant: undefined
  },
  messageTimestamp: 1757138576,
  pushName: 'Rosi',
  broadcast: false,
  message: Message {
    conversation: 'Aquí hace un culo de frío',
    messageContextInfo: MessageContextInfo {
      deviceListMetadata: [DeviceListMetadata],
      deviceListMetadataVersion: 2,
      messageSecret: [Uint8Array]
    }
  },
  body: 'Aquí hace un culo de frío',
  from: '584125044792'
}
[handleMsg]:  {
  key: {
    remoteJid: '584125044792@s.whatsapp.net',
    fromMe: false,
    id: '026C046B47F8DFA111A99AC18857621A',
    participant: undefined
  },
  messageTimestamp: 1757138608,
  pushName: 'Rosi',
  broadcast: false,
  message: Message {
    extendedTextMessage: ExtendedTextMessage {
      text: 'Jajajajaj si',
      previewType: 0,
      contextInfo: [ContextInfo],
      inviteLinkGroupTypeV2: 0
    },
    messageContextInfo: MessageContextInfo {
      deviceListMetadata: [DeviceListMetadata],
      deviceListMetadataVersion: 2,
      messageSecret: [Uint8Array]
    }
  },
  body: 'Jajajajaj si',
  from: '584125044792'
}
[handleMsg]:  {
  key: {
    remoteJid: '584125044792@s.whatsapp.net',
    fromMe: false,
    id: '7723E9E9D5B9DD594D72D712C4FF5368',
    participant: undefined
  },
  messageTimestamp: 1757138610,
  pushName: 'Rosi',
  broadcast: false,
  message: Message {
    conversation: 'Yo siempre',
    messageContextInfo: MessageContextInfo {
      deviceListMetadata: [DeviceListMetadata],
      deviceListMetadataVersion: 2,
      messageSecret: [Uint8Array]
    }
  },
  body: 'Yo siempre',
  from: '584125044792'
}
[handleMsg]:  {
  key: {
    remoteJid: '584125044792@s.whatsapp.net',
    fromMe: false,
    id: 'CC631742148E7BC1870D34CC62D794B5',
    participant: undefined
  },
  messageTimestamp: 1757138653,
  pushName: 'Rosi',
  broadcast: false,
  message: Message {
    extendedTextMessage: ExtendedTextMessage {
      text: 'Ajjajajaja',
      previewType: 0,
      contextInfo: [ContextInfo],
      inviteLinkGroupTypeV2: 0
    },
    messageContextInfo: MessageContextInfo {
      deviceListMetadata: [DeviceListMetadata],
      deviceListMetadataVersion: 2,
      messageSecret: [Uint8Array]
    }
  },
  body: 'Ajjajajaja',
  from: '584125044792'
}
[handleMsg]:  {
  key: {
    remoteJid: '584125044792@s.whatsapp.net',
    fromMe: false,
    id: '1991738D08F2621321E2D5AC1302E181',
    participant: undefined
  },
  messageTimestamp: 1757138656,
  pushName: 'Rosi',
  broadcast: false,
  message: Message {
    conversation: 'Eso es bueno',
    messageContextInfo: MessageContextInfo {
      deviceListMetadata: [DeviceListMetadata],
      deviceListMetadataVersion: 2,
      messageSecret: [Uint8Array]
    }
  },
  body: 'Eso es bueno',
  from: '584125044792'
}
[handleMsg]:  {
  key: {
    remoteJid: '584125044792@s.whatsapp.net',
    fromMe: false,
    id: '265866E9F76F17571A3DA401EDF210D3',
    participant: undefined
  },
  messageTimestamp: 1757138665,
  pushName: 'Rosi',
  broadcast: false,
  message: Message {
    conversation: 'Yo en el camino en el trabajo en la casa en el baño',
    messageContextInfo: MessageContextInfo {
      deviceListMetadata: [DeviceListMetadata],
      deviceListMetadataVersion: 2,
      messageSecret: [Uint8Array]
    }
  },
  body: 'Yo en el camino en el trabajo en la casa en el baño',
  from: '584125044792'
}
[handleMsg]:  {
  key: {
    remoteJid: '584125044792@s.whatsapp.net',
    fromMe: false,
    id: '5E451AFDD514745315B6F619827E53AA',
    participant: undefined
  },
  messageTimestamp: 1757138668,
  pushName: 'Rosi',
  broadcast: false,
  message: Message {
    conversation: 'En todos lados',
    messageContextInfo: MessageContextInfo {
      deviceListMetadata: [DeviceListMetadata],
      deviceListMetadataVersion: 2,
      messageSecret: [Uint8Array]
    }
  },
  body: 'En todos lados',
  from: '584125044792'
}
[handleMsg]:  {
  key: {
    remoteJid: '584125044792@s.whatsapp.net',
    fromMe: false,
    id: 'FBECC7B37F97FC5DD03A04C8DFC63B16',
    participant: undefined
  },
  messageTimestamp: 1757138681,
  pushName: 'Rosi',
  broadcast: false,
  message: Message {
    conversation: 'Nunca pensé que quería que llegará verano',
    messageContextInfo: MessageContextInfo {
      deviceListMetadata: [DeviceListMetadata],
      deviceListMetadataVersion: 2,
      messageSecret: [Uint8Array]
    }
  },
  body: 'Nunca pensé que quería que llegará verano',
  from: '584125044792'
}
[handleMsg]:  {
  key: {
    remoteJid: '584125044792@s.whatsapp.net',
    fromMe: false,
    id: '705E8F941FD9E5624A6D5B2CDEC8CA62',
    participant: undefined
  },
  messageTimestamp: 1757138694,
  pushName: 'Rosi',
  broadcast: false,
  message: Message {
    conversation: 'A uno no le dan ganas de bañarse',
    messageContextInfo: MessageContextInfo {
      deviceListMetadata: [DeviceListMetadata],
      deviceListMetadataVersion: 2,
      messageSecret: [Uint8Array]
    }
  },
  body: 'A uno no le dan ganas de bañarse',
  from: '584125044792'
}
[handleMsg]:  {
  key: {
    remoteJid: '584125044792@s.whatsapp.net',
    fromMe: false,
    id: '0B789711924AB8688C31E18C2E603ACB',
    participant: undefined
  },
  messageTimestamp: 1757138700,
  pushName: 'Rosi',
  broadcast: false,
  message: Message {
    extendedTextMessage: ExtendedTextMessage {
      text: 'Jajjajaj',
      previewType: 0,
      contextInfo: [ContextInfo],
      inviteLinkGroupTypeV2: 0
    },
    messageContextInfo: MessageContextInfo {
      deviceListMetadata: [DeviceListMetadata],
      deviceListMetadataVersion: 2,
      messageSecret: [Uint8Array]
    }
  },
  body: 'Jajjajaj',
  from: '584125044792'
}
[handleMsg]:  {
  key: {
    remoteJid: '584125044792@s.whatsapp.net',
    fromMe: false,
    id: 'C6E8FCE890F1F1B8EBF4E2816151FCB6',
    participant: undefined
  },
  messageTimestamp: 1757138708,
  pushName: 'Rosi',
  broadcast: false,
  message: Message {
    extendedTextMessage: ExtendedTextMessage {
      text: 'Pero después pienso en el calor',
      previewType: 0,
      contextInfo: [ContextInfo],
      inviteLinkGroupTypeV2: 0
    },
    messageContextInfo: MessageContextInfo {
      deviceListMetadata: [DeviceListMetadata],
      deviceListMetadataVersion: 2,
      messageSecret: [Uint8Array]
    }
  },
  body: 'Pero después pienso en el calor',
  from: '584125044792'
}
[handleMsg]:  {
  key: {
    remoteJid: '584125044792@s.whatsapp.net',
    fromMe: false,
    id: '41E17DDCA8DBAE8EEDA833FCF5502505',
    participant: undefined
  },
  messageTimestamp: 1757138727,
  pushName: 'Rosi',
  broadcast: false,
  message: Message {
    imageMessage: ImageMessage {
      interactiveAnnotations: [],
      scanLengths: [Array],
      url: 'https://mmg.whatsapp.net/v/t62.7118-24/55690178_2183817665471813_8509859564260222599_n.enc?ccb=11-4&oh=01_Q5Aa2QEioxtvzksPcPTVL4xB80CSecZ3AnBHEIa1RfT4Tzin8Q&oe=68E32D78&_nc_sid=5e03e0&mms3=true',
      mimetype: 'image/jpeg',
      fileSha256: [Uint8Array],
      fileLength: [Long],
      height: 607,
      width: 1080,
      mediaKey: [Uint8Array],
      fileEncSha256: [Uint8Array],
      directPath: '/v/t62.7118-24/55690178_2183817665471813_8509859564260222599_n.enc?ccb=11-4&oh=01_Q5Aa2QEioxtvzksPcPTVL4xB80CSecZ3AnBHEIa1RfT4Tzin8Q&oe=68E32D78&_nc_sid=5e03e0',
      mediaKeyTimestamp: [Long],
      jpegThumbnail: [Uint8Array],
      contextInfo: [ContextInfo],
      scansSidecar: [Uint8Array],
      midQualityFileSha256: [Uint8Array]
    },
    messageContextInfo: MessageContextInfo {
      deviceListMetadata: [DeviceListMetadata],
      deviceListMetadataVersion: 2,
      messageSecret: [Uint8Array]
    }
  },
  body: '_event_media__88aff607-1c58-48c8-a8e7-835dac24784c',
  from: '584125044792'
}
[handleMsg]:  {
  key: {
    remoteJid: '584125044792@s.whatsapp.net',
    fromMe: false,
    id: '57135AFF421C04CBEB87EAA205407AA4',
    participant: undefined
  },
  messageTimestamp: 1757138738,
  pushName: 'Rosi',
  broadcast: false,
  message: Message {
    conversation: 'Thamy y una perrita que adoptaron',
    messageContextInfo: MessageContextInfo {
      deviceListMetadata: [DeviceListMetadata],
      deviceListMetadataVersion: 2,
      messageSecret: [Uint8Array]
    }
  },
  body: 'Thamy y una perrita que adoptaron',
  from: '584125044792'
}
[handleMsg]:  {
  key: {
    remoteJid: '584125044792@s.whatsapp.net',
    fromMe: false,
    id: 'E608E0912669654175E8BC3C2F04650C',
    participant: undefined
  },
  messageTimestamp: 1757138748,
  pushName: 'Rosi',
  broadcast: false,
  message: Message {
    extendedTextMessage: ExtendedTextMessage {
      text: 'Jajajaj',
      previewType: 0,
      contextInfo: [ContextInfo],
      inviteLinkGroupTypeV2: 0
    },
    messageContextInfo: MessageContextInfo {
      deviceListMetadata: [DeviceListMetadata],
      deviceListMetadataVersion: 2,
      messageSecret: [Uint8Array]
    }
  },
  body: 'Jajajaj',
  from: '584125044792'
}
[handleMsg]:  {
  key: {
    remoteJid: '584125044792@s.whatsapp.net',
    fromMe: false,
    id: 'D724BCA989C190AFA4F7C7F6A09989EE',
    participant: undefined
  },
  messageTimestamp: 1757138750,
  pushName: 'Rosi',
  broadcast: false,
  message: Message {
    conversation: 'Claroo',
    messageContextInfo: MessageContextInfo {
      deviceListMetadata: [DeviceListMetadata],
      deviceListMetadataVersion: 2,
      messageSecret: [Uint8Array]
    }
  },
  body: 'Claroo',
  from: '584125044792'
}
[handleMsg]:  {
  key: {
    remoteJid: '584125044792@s.whatsapp.net',
    fromMe: false,
    id: 'DF4F55EAC8AFE80E409320CA7356AE85',
    participant: undefined
  },
  messageTimestamp: 1757138755,
  pushName: 'Rosi',
  broadcast: false,
  message: Message {
    conversation: 'Pero no le dan ganas',
    messageContextInfo: MessageContextInfo {
      deviceListMetadata: [DeviceListMetadata],
      deviceListMetadataVersion: 2,
      messageSecret: [Uint8Array]
    }
  },
  body: 'Pero no le dan ganas',
  from: '584125044792'
}
[handleMsg]:  {
  key: {
    remoteJid: '584125044792@s.whatsapp.net',
    fromMe: false,
    id: '2022D46EB67039596CA7F42994D01A35',
    participant: undefined
  },
  messageTimestamp: 1757138768,
  pushName: 'Rosi',
  broadcast: false,
  message: Message {
    conversation: 'Uno se baña porque se tiene que bañar no porque uno quiera',
    messageContextInfo: MessageContextInfo {
      deviceListMetadata: [DeviceListMetadata],
      deviceListMetadataVersion: 2,
      messageSecret: [Uint8Array]
    }
  },
  body: 'Uno se baña porque se tiene que bañar no porque uno quiera',
  from: '584125044792'
}
[handleMsg]:  {
  key: {
    remoteJid: '584125044792@s.whatsapp.net',
    fromMe: false,
    id: '715A25039B112BD54F53440B24C139E1',
    participant: undefined
  },
  messageTimestamp: 1757138770,
  pushName: 'Rosi',
  broadcast: false,
  message: Message {
    extendedTextMessage: ExtendedTextMessage {
      text: 'Obviamente',
      previewType: 0,
      contextInfo: [ContextInfo],
      inviteLinkGroupTypeV2: 0
    },
    messageContextInfo: MessageContextInfo {
      deviceListMetadata: [DeviceListMetadata],
      deviceListMetadataVersion: 2,
      messageSecret: [Uint8Array]
    }
  },
  body: 'Obviamente',
  from: '584125044792'
}
[handleMsg]:  {
  key: {
    remoteJid: '584125044792@s.whatsapp.net',
    fromMe: false,
    id: '69C2109EA3D67985D0AD4322B213E710',
    participant: undefined
  },
  messageTimestamp: 1757138771,
  pushName: 'Rosi',
  broadcast: false,
  message: Message {
    conversation: 'Jj',
    messageContextInfo: MessageContextInfo {
      deviceListMetadata: [DeviceListMetadata],
      deviceListMetadataVersion: 2,
      messageSecret: [Uint8Array]
    }
  },
  body: 'Jj',
  from: '584125044792'
}
[handleMsg]:  {
  key: {
    remoteJid: '584125044792@s.whatsapp.net',
    fromMe: false,
    id: 'E49C4B1F856503C6BDED0DCF0AA0FC14',
    participant: undefined
  },
  messageTimestamp: 1757138785,
  pushName: 'Rosi',
  broadcast: false,
  message: Message {
    imageMessage: ImageMessage {
      interactiveAnnotations: [],
      scanLengths: [Array],
      url: 'https://mmg.whatsapp.net/o1/v/t24/f2/m239/AQO5EERIHWChWFrTAPxvRqLH9Ivrw7NhOQDSEmyesEaqtBAYu6B-c-ys9q68gf-e0vkzW9zNTliDve0gg2s-YxwSBbQXkpKwuTkVz07qKw?ccb=9-4&oh=01_Q5Aa2QHXxxvzzZOi7bcjaiv-3i6PdBu_pZ6PpswbLWt__aQbKA&oe=68E34CC3&_nc_sid=e6ed6c&mms3=true',
      mimetype: 'image/jpeg',
      fileSha256: [Uint8Array],
      fileLength: [Long],
      height: 1020,
      width: 768,
      mediaKey: [Uint8Array],
      fileEncSha256: [Uint8Array],
      directPath: '/o1/v/t24/f2/m239/AQO5EERIHWChWFrTAPxvRqLH9Ivrw7NhOQDSEmyesEaqtBAYu6B-c-ys9q68gf-e0vkzW9zNTliDve0gg2s-YxwSBbQXkpKwuTkVz07qKw?ccb=9-4&oh=01_Q5Aa2QHXxxvzzZOi7bcjaiv-3i6PdBu_pZ6PpswbLWt__aQbKA&oe=68E34CC3&_nc_sid=e6ed6c',
      mediaKeyTimestamp: [Long],
      jpegThumbnail: [Uint8Array],
      contextInfo: [ContextInfo],
      scansSidecar: [Uint8Array],
      midQualityFileSha256: [Uint8Array]
    },
    messageContextInfo: MessageContextInfo {
      deviceListMetadata: [DeviceListMetadata],
      deviceListMetadataVersion: 2,
      messageSecret: [Uint8Array]
    }
  },
  body: '_event_media__f503ebaa-c711-4e8d-834a-8e9e0bfc3230',
  from: '584125044792'
}
[handleMsg]:  {
  key: {
    remoteJid: '584125044792@s.whatsapp.net',
    fromMe: false,
    id: 'F7EB47929EC086BAA17EBEA37C5206E9',
    participant: undefined
  },
  messageTimestamp: 1757138835,
  pushName: 'Rosi',
  broadcast: false,
  message: Message {
    extendedTextMessage: ExtendedTextMessage {
      text: 'Jajajajaj',
      previewType: 0,
      contextInfo: [ContextInfo],
      inviteLinkGroupTypeV2: 0
    },
    messageContextInfo: MessageContextInfo {
      deviceListMetadata: [DeviceListMetadata],
      deviceListMetadataVersion: 2,
      messageSecret: [Uint8Array]
    }
  },
  body: 'Jajajajaj',
  from: '584125044792'
}
[handleMsg]:  {
  key: {
    remoteJid: '584125044792@s.whatsapp.net',
    fromMe: false,
    id: '124E3958A5E6BD92366623E68CC715E3',
    participant: undefined
  },
  messageTimestamp: 1757138837,
  pushName: 'Rosi',
  broadcast: false,
  message: Message {
    conversation: 'Que es',
    messageContextInfo: MessageContextInfo {
      deviceListMetadata: [DeviceListMetadata],
      deviceListMetadataVersion: 2,
      messageSecret: [Uint8Array]
    }
  },
  body: 'Que es',
  from: '584125044792'
}
[handleMsg]:  {
  key: {
    remoteJid: '584125044792@s.whatsapp.net',
    fromMe: false,
    id: '2E277627352E98349ACE1D289BBB01F0',
    participant: undefined
  },
  messageTimestamp: 1757138841,
  pushName: 'Rosi',
  broadcast: false,
  message: Message {
    extendedTextMessage: ExtendedTextMessage {
      text: 'A mi no jajajajaja',
      previewType: 0,
      contextInfo: [ContextInfo],
      inviteLinkGroupTypeV2: 0
    },
    messageContextInfo: MessageContextInfo {
      deviceListMetadata: [DeviceListMetadata],
      deviceListMetadataVersion: 2,
      messageSecret: [Uint8Array]
    }
  },
  body: 'A mi no jajajajaja',
  from: '584125044792'
}
[handleMsg]:  {
  key: {
    remoteJid: '584125044792@s.whatsapp.net',
    fromMe: false,
    id: '22AE63A7D0A0A3A806AA8B597191BBA8',
    participant: undefined
  },
  messageTimestamp: 1757138845,
  pushName: 'Rosi',
  broadcast: false,
  message: Message {
    conversation: 'El frío es muy potente',
    messageContextInfo: MessageContextInfo {
      deviceListMetadata: [DeviceListMetadata],
      deviceListMetadataVersion: 2,
      messageSecret: [Uint8Array]
    }
  },
  body: 'El frío es muy potente',
  from: '584125044792'
}
[handleMsg]:  {
  key: {
    remoteJid: '584125044792@s.whatsapp.net',
    fromMe: false,
    id: 'E9BE206D428A66B92E928A2A05489920',
    participant: undefined
  },
  messageTimestamp: 1757138953,
  pushName: 'Rosi',
  broadcast: false,
  message: Message {
    conversation: 'Jaja',
    messageContextInfo: MessageContextInfo {
      deviceListMetadata: [DeviceListMetadata],
      deviceListMetadataVersion: 2,
      messageSecret: [Uint8Array]
    }
  },
  body: 'Jaja',
  from: '584125044792'
}
[handleMsg]:  {
  key: {
    remoteJid: '584125044792@s.whatsapp.net',
    fromMe: false,
    id: '59371CBC9972021839B80CB1210BB2C5',
    participant: undefined
  },
  messageTimestamp: 1757138959,
  pushName: 'Rosi',
  broadcast: false,
  message: Message {
    conversation: 'Te iba a decir lo mismo',
    messageContextInfo: MessageContextInfo {
      deviceListMetadata: [DeviceListMetadata],
      deviceListMetadataVersion: 2,
      messageSecret: [Uint8Array]
    }
  },
  body: 'Te iba a decir lo mismo',
  from: '584125044792'
}
[handleMsg]:  {
  key: {
    remoteJid: '584125044792@s.whatsapp.net',
    fromMe: false,
    id: '9F460EEAF66F830FD949E129A7113A8C',
    participant: undefined
  },
  messageTimestamp: 1757138967,
  pushName: 'Rosi',
  broadcast: false,
  message: Message {
    conversation: 'Chaito',
    messageContextInfo: MessageContextInfo {
      deviceListMetadata: [DeviceListMetadata],
      deviceListMetadataVersion: 2,
      messageSecret: [Uint8Array]
    }
  },
  body: 'Chaito',
  from: '584125044792'
}
[handleMsg]:  {
  key: {
    remoteJid: '584125044792@s.whatsapp.net',
    fromMe: false,
    id: '98932DB13FB62A11D76E65A10AE53B9A',
    participant: undefined
  },
  messageTimestamp: 1757138969,
  pushName: 'Rosi',
  broadcast: false,
  message: Message {
    extendedTextMessage: ExtendedTextMessage {
      text: 'Igual',
      previewType: 0,
      contextInfo: [ContextInfo],
      inviteLinkGroupTypeV2: 0
    },
    messageContextInfo: MessageContextInfo {
      deviceListMetadata: [DeviceListMetadata],
      deviceListMetadataVersion: 2,
      messageSecret: [Uint8Array]
    }
  },
  body: 'Igual',
  from: '584125044792'
}
